{
"contracts/BookLibrary.sol":{"l":{"24":5,"25":4,"26":3,"28":3,"29":2,"30":2,"31":2,"32":2,"33":2,"37":2,"39":2,"40":1,"41":1,"42":1,"43":1,"47":6,"49":6,"50":5,"51":5,"53":5,"54":4,"56":4,"57":3,"58":3,"59":3,"60":3,"64":4,"66":4,"67":3,"68":3,"70":3,"71":2,"72":2,"73":2,"74":2,"78":2,"79":3,"80":2,"81":2,"82":2,"88":2,"89":2,"90":1,"91":1,"95":1,"96":1,"100":1,"101":1,"103":1,"104":0,"106":1,"110":17,"111":17,"115":7,"116":6,"117":3,"121":4},"path":"/Users/Georgi.Ivanov/Projects/LimeAcademy/github-repo/Week2/BookLibrary/contracts/BookLibrary.sol","s":{"1":5,"2":4,"3":3,"4":3,"5":2,"6":2,"7":2,"8":1,"9":1,"10":1,"11":6,"12":6,"13":5,"14":5,"15":5,"16":4,"17":4,"18":3,"19":3,"20":3,"21":4,"22":4,"23":3,"24":3,"25":3,"26":2,"27":2,"28":2,"29":2,"30":3,"31":2,"32":2,"33":2,"34":1,"35":1,"36":1,"37":1,"38":1,"39":1,"40":1,"41":1,"42":17,"43":17,"44":7,"45":6,"46":3,"47":4},"b":{"1":[5,1],"2":[4,1],"3":[3,1],"4":[2,1],"5":[2,1],"6":[1,1],"7":[5,1],"8":[4,1],"9":[3,1],"10":[3,1],"11":[2,1],"12":[2,1],"13":[1,1],"14":[3,3]},"f":{"1":5,"2":2,"3":6,"4":4,"5":2,"6":2,"7":1,"8":1,"9":17,"10":7},"fnMap":{"1":{"name":"addBook","line":23,"loc":{"start":{"line":23,"column":4},"end":{"line":34,"column":4}}},"2":{"name":"updateCopies","line":36,"loc":{"start":{"line":36,"column":4},"end":{"line":44,"column":4}}},"3":{"name":"borrowBook","line":46,"loc":{"start":{"line":46,"column":4},"end":{"line":61,"column":4}}},"4":{"name":"returnBook","line":63,"loc":{"start":{"line":63,"column":4},"end":{"line":75,"column":4}}},"5":{"name":"removeFromBorrowedByUsers","line":77,"loc":{"start":{"line":77,"column":4},"end":{"line":85,"column":4}}},"6":{"name":"borrowHistory","line":87,"loc":{"start":{"line":87,"column":4},"end":{"line":92,"column":4}}},"7":{"name":"getBook","line":94,"loc":{"start":{"line":94,"column":4},"end":{"line":97,"column":4}}},"8":{"name":"allBooks","line":99,"loc":{"start":{"line":99,"column":4},"end":{"line":107,"column":4}}},"9":{"name":"calculateBookHash","line":109,"loc":{"start":{"line":109,"column":4},"end":{"line":112,"column":4}}},"10":{"name":"bookIsBorrowed","line":114,"loc":{"start":{"line":114,"column":4},"end":{"line":122,"column":4}}}},"statementMap":{"1":{"start":{"line":24,"column":8},"end":{"line":24,"column":71}},"2":{"start":{"line":25,"column":8},"end":{"line":25,"column":70}},"3":{"start":{"line":26,"column":8},"end":{"line":26,"column":53}},"4":{"start":{"line":28,"column":8},"end":{"line":28,"column":82}},"5":{"start":{"line":33,"column":8},"end":{"line":33,"column":29}},"6":{"start":{"line":37,"column":8},"end":{"line":37,"column":52}},"7":{"start":{"line":39,"column":8},"end":{"line":39,"column":69}},"8":{"start":{"line":40,"column":8},"end":{"line":40,"column":46}},"9":{"start":{"line":41,"column":8},"end":{"line":41,"column":47}},"10":{"start":{"line":43,"column":8},"end":{"line":43,"column":30}},"11":{"start":{"line":47,"column":8},"end":{"line":47,"column":52}},"12":{"start":{"line":49,"column":8},"end":{"line":49,"column":69}},"13":{"start":{"line":50,"column":8},"end":{"line":50,"column":46}},"14":{"start":{"line":51,"column":8},"end":{"line":51,"column":47}},"15":{"start":{"line":53,"column":8},"end":{"line":53,"column":66}},"16":{"start":{"line":54,"column":8},"end":{"line":54,"column":67}},"17":{"start":{"line":56,"column":8},"end":{"line":56,"column":102}},"18":{"start":{"line":58,"column":8},"end":{"line":58,"column":46}},"19":{"start":{"line":59,"column":8},"end":{"line":59,"column":55}},"20":{"start":{"line":60,"column":8},"end":{"line":60,"column":31}},"21":{"start":{"line":64,"column":8},"end":{"line":64,"column":52}},"22":{"start":{"line":66,"column":8},"end":{"line":66,"column":69}},"23":{"start":{"line":67,"column":8},"end":{"line":67,"column":46}},"24":{"start":{"line":68,"column":8},"end":{"line":68,"column":68}},"25":{"start":{"line":70,"column":8},"end":{"line":70,"column":99}},"26":{"start":{"line":71,"column":8},"end":{"line":71,"column":47}},"27":{"start":{"line":73,"column":8},"end":{"line":73,"column":56}},"28":{"start":{"line":74,"column":8},"end":{"line":74,"column":31}},"29":{"start":{"line":78,"column":8},"end":{"line":78,"column":2953}},"30":{"start":{"line":79,"column":12},"end":{"line":79,"column":3020}},"31":{"start":{"line":81,"column":16},"end":{"line":81,"column":36}},"32":{"start":{"line":88,"column":8},"end":{"line":88,"column":52}},"33":{"start":{"line":89,"column":8},"end":{"line":89,"column":69}},"34":{"start":{"line":90,"column":8},"end":{"line":90,"column":46}},"35":{"start":{"line":91,"column":8},"end":{"line":91,"column":46}},"36":{"start":{"line":95,"column":8},"end":{"line":95,"column":49}},"37":{"start":{"line":96,"column":8},"end":{"line":96,"column":21}},"38":{"start":{"line":100,"column":8},"end":{"line":100,"column":36}},"39":{"start":{"line":101,"column":8},"end":{"line":101,"column":52}},"40":{"start":{"line":103,"column":8},"end":{"line":103,"column":3869}},"41":{"start":{"line":106,"column":8},"end":{"line":106,"column":20}},"42":{"start":{"line":110,"column":8},"end":{"line":110,"column":57}},"43":{"start":{"line":111,"column":8},"end":{"line":111,"column":24}},"44":{"start":{"line":115,"column":8},"end":{"line":115,"column":4289}},"45":{"start":{"line":116,"column":12},"end":{"line":116,"column":4367}},"46":{"start":{"line":117,"column":16},"end":{"line":117,"column":27}},"47":{"start":{"line":121,"column":8},"end":{"line":121,"column":20}}},"branchMap":{"1":{"line":23,"type":"if","locations":[{"start":{"line":23,"column":40},"end":{"line":23,"column":40}},{"start":{"line":23,"column":40},"end":{"line":23,"column":40}}]},"2":{"line":24,"type":"if","locations":[{"start":{"line":24,"column":8},"end":{"line":24,"column":8}},{"start":{"line":24,"column":8},"end":{"line":24,"column":8}}]},"3":{"line":25,"type":"if","locations":[{"start":{"line":25,"column":8},"end":{"line":25,"column":8}},{"start":{"line":25,"column":8},"end":{"line":25,"column":8}}]},"4":{"line":28,"type":"if","locations":[{"start":{"line":28,"column":8},"end":{"line":28,"column":8}},{"start":{"line":28,"column":8},"end":{"line":28,"column":8}}]},"5":{"line":36,"type":"if","locations":[{"start":{"line":36,"column":75},"end":{"line":36,"column":75}},{"start":{"line":36,"column":75},"end":{"line":36,"column":75}}]},"6":{"line":39,"type":"if","locations":[{"start":{"line":39,"column":8},"end":{"line":39,"column":8}},{"start":{"line":39,"column":8},"end":{"line":39,"column":8}}]},"7":{"line":49,"type":"if","locations":[{"start":{"line":49,"column":8},"end":{"line":49,"column":8}},{"start":{"line":49,"column":8},"end":{"line":49,"column":8}}]},"8":{"line":53,"type":"if","locations":[{"start":{"line":53,"column":8},"end":{"line":53,"column":8}},{"start":{"line":53,"column":8},"end":{"line":53,"column":8}}]},"9":{"line":56,"type":"if","locations":[{"start":{"line":56,"column":8},"end":{"line":56,"column":8}},{"start":{"line":56,"column":8},"end":{"line":56,"column":8}}]},"10":{"line":66,"type":"if","locations":[{"start":{"line":66,"column":8},"end":{"line":66,"column":8}},{"start":{"line":66,"column":8},"end":{"line":66,"column":8}}]},"11":{"line":70,"type":"if","locations":[{"start":{"line":70,"column":8},"end":{"line":70,"column":8}},{"start":{"line":70,"column":8},"end":{"line":70,"column":8}}]},"12":{"line":79,"type":"if","locations":[{"start":{"line":79,"column":12},"end":{"line":79,"column":12}},{"start":{"line":79,"column":12},"end":{"line":79,"column":12}}]},"13":{"line":89,"type":"if","locations":[{"start":{"line":89,"column":8},"end":{"line":89,"column":8}},{"start":{"line":89,"column":8},"end":{"line":89,"column":8}}]},"14":{"line":116,"type":"if","locations":[{"start":{"line":116,"column":12},"end":{"line":116,"column":12}},{"start":{"line":116,"column":12},"end":{"line":116,"column":12}}]}}}}
