TN:
SF:/Users/Georgi.Ivanov/Projects/LimeAcademy/github-repo/Week2/BookLibrary/contracts/BookLibrary.sol
FN:23,addBook
FN:36,updateCopies
FN:46,borrowBook
FN:63,returnBook
FN:77,removeFromBorrowedByUsers
FN:87,borrowHistory
FN:94,getBook
FN:99,allBooks
FN:109,calculateBookHash
FN:114,bookIsBorrowed
FNF:10
FNH:10
FNDA:5,addBook
FNDA:2,updateCopies
FNDA:6,borrowBook
FNDA:4,returnBook
FNDA:2,removeFromBorrowedByUsers
FNDA:2,borrowHistory
FNDA:1,getBook
FNDA:1,allBooks
FNDA:17,calculateBookHash
FNDA:7,bookIsBorrowed
DA:24,5
DA:25,4
DA:26,3
DA:28,3
DA:29,2
DA:30,2
DA:31,2
DA:32,2
DA:33,2
DA:37,2
DA:39,2
DA:40,1
DA:41,1
DA:42,1
DA:43,1
DA:47,6
DA:49,6
DA:50,5
DA:51,5
DA:53,5
DA:54,4
DA:56,4
DA:57,3
DA:58,3
DA:59,3
DA:60,3
DA:64,4
DA:66,4
DA:67,3
DA:68,3
DA:70,3
DA:71,2
DA:72,2
DA:73,2
DA:74,2
DA:78,2
DA:79,3
DA:80,2
DA:81,2
DA:82,2
DA:88,2
DA:89,2
DA:90,1
DA:91,1
DA:95,1
DA:96,1
DA:100,1
DA:101,1
DA:103,1
DA:104,0
DA:106,1
DA:110,17
DA:111,17
DA:115,7
DA:116,6
DA:117,3
DA:121,4
LF:57
LH:56
BRDA:23,1,0,5
BRDA:23,1,1,1
BRDA:24,2,0,4
BRDA:24,2,1,1
BRDA:25,3,0,3
BRDA:25,3,1,1
BRDA:28,4,0,2
BRDA:28,4,1,1
BRDA:36,5,0,2
BRDA:36,5,1,1
BRDA:39,6,0,1
BRDA:39,6,1,1
BRDA:49,7,0,5
BRDA:49,7,1,1
BRDA:53,8,0,4
BRDA:53,8,1,1
BRDA:56,9,0,3
BRDA:56,9,1,1
BRDA:66,10,0,3
BRDA:66,10,1,1
BRDA:70,11,0,2
BRDA:70,11,1,1
BRDA:79,12,0,2
BRDA:79,12,1,1
BRDA:89,13,0,1
BRDA:89,13,1,1
BRDA:116,14,0,3
BRDA:116,14,1,3
BRF:28
BRH:28
end_of_record
